<?xml version="1.0" encoding="UTF-8"?>
<testsuite xmlns:xsi="http://www.w3.org/2001/XMLSchema-instance" xsi:noNamespaceSchemaLocation="https://maven.apache.org/surefire/maven-surefire-plugin/xsd/surefire-test-report.xsd" name="tests.LoginUserTests" time="15.528" tests="5" errors="0" skipped="0" failures="0">
  <properties>
    <property name="java.specification.version" value="22"/>
    <property name="sun.jnu.encoding" value="UTF-8"/>
    <property name="java.class.path" value="/Users/verbitskayam/IdeaProjects/diplom/QA-java-diplom-2/target/test-classes:/Users/verbitskayam/IdeaProjects/diplom/QA-java-diplom-2/target/classes:/Users/verbitskayam/.m2/repository/junit/junit/4.13.2/junit-4.13.2.jar:/Users/verbitskayam/.m2/repository/org/hamcrest/hamcrest-core/1.3/hamcrest-core-1.3.jar:/Users/verbitskayam/.m2/repository/io/rest-assured/rest-assured/5.3.0/rest-assured-5.3.0.jar:/Users/verbitskayam/.m2/repository/org/apache/groovy/groovy/4.0.6/groovy-4.0.6.jar:/Users/verbitskayam/.m2/repository/org/apache/groovy/groovy-xml/4.0.6/groovy-xml-4.0.6.jar:/Users/verbitskayam/.m2/repository/org/apache/httpcomponents/httpclient/4.5.13/httpclient-4.5.13.jar:/Users/verbitskayam/.m2/repository/org/apache/httpcomponents/httpcore/4.4.13/httpcore-4.4.13.jar:/Users/verbitskayam/.m2/repository/commons-logging/commons-logging/1.2/commons-logging-1.2.jar:/Users/verbitskayam/.m2/repository/commons-codec/commons-codec/1.11/commons-codec-1.11.jar:/Users/verbitskayam/.m2/repository/org/apache/httpcomponents/httpmime/4.5.13/httpmime-4.5.13.jar:/Users/verbitskayam/.m2/repository/org/hamcrest/hamcrest/2.1/hamcrest-2.1.jar:/Users/verbitskayam/.m2/repository/org/ccil/cowan/tagsoup/tagsoup/1.2.1/tagsoup-1.2.1.jar:/Users/verbitskayam/.m2/repository/io/rest-assured/json-path/5.3.0/json-path-5.3.0.jar:/Users/verbitskayam/.m2/repository/org/apache/groovy/groovy-json/4.0.6/groovy-json-4.0.6.jar:/Users/verbitskayam/.m2/repository/io/rest-assured/rest-assured-common/5.3.0/rest-assured-common-5.3.0.jar:/Users/verbitskayam/.m2/repository/io/rest-assured/xml-path/5.3.0/xml-path-5.3.0.jar:/Users/verbitskayam/.m2/repository/org/apache/commons/commons-lang3/3.11/commons-lang3-3.11.jar:/Users/verbitskayam/.m2/repository/io/qameta/allure/allure-junit4/2.21.0/allure-junit4-2.21.0.jar:/Users/verbitskayam/.m2/repository/io/qameta/allure/allure-java-commons/2.21.0/allure-java-commons-2.21.0.jar:/Users/verbitskayam/.m2/repository/org/slf4j/slf4j-api/1.7.36/slf4j-api-1.7.36.jar:/Users/verbitskayam/.m2/repository/io/qameta/allure/allure-model/2.21.0/allure-model-2.21.0.jar:/Users/verbitskayam/.m2/repository/io/qameta/allure/allure-rest-assured/2.21.0/allure-rest-assured-2.21.0.jar:/Users/verbitskayam/.m2/repository/io/qameta/allure/allure-attachments/2.21.0/allure-attachments-2.21.0.jar:/Users/verbitskayam/.m2/repository/org/freemarker/freemarker/2.3.31/freemarker-2.3.31.jar:/Users/verbitskayam/.m2/repository/com/google/code/gson/gson/2.10.1/gson-2.10.1.jar:/Users/verbitskayam/.m2/repository/org/projectlombok/lombok/1.18.30/lombok-1.18.30.jar:"/>
    <property name="java.vm.vendor" value="Homebrew"/>
    <property name="sun.arch.data.model" value="64"/>
    <property name="java.vendor.url" value="https://github.com/Homebrew/homebrew-core/issues"/>
    <property name="os.name" value="Mac OS X"/>
    <property name="java.vm.specification.version" value="22"/>
    <property name="sun.java.launcher" value="SUN_STANDARD"/>
    <property name="user.country" value="RU"/>
    <property name="sun.boot.library.path" value="/opt/homebrew/Cellar/openjdk/22.0.2/libexec/openjdk.jdk/Contents/Home/lib"/>
    <property name="sun.java.command" value="/Users/verbitskayam/IdeaProjects/diplom/QA-java-diplom-2/target/surefire/surefirebooter15341296525135426063.jar /Users/verbitskayam/IdeaProjects/diplom/QA-java-diplom-2/target/surefire 2024-09-20T10-04-33_902-jvmRun1 surefire2700051906734994715tmp surefire_017030254085210240332tmp"/>
    <property name="jdk.debug" value="release"/>
    <property name="surefire.test.class.path" value="/Users/verbitskayam/IdeaProjects/diplom/QA-java-diplom-2/target/test-classes:/Users/verbitskayam/IdeaProjects/diplom/QA-java-diplom-2/target/classes:/Users/verbitskayam/.m2/repository/junit/junit/4.13.2/junit-4.13.2.jar:/Users/verbitskayam/.m2/repository/org/hamcrest/hamcrest-core/1.3/hamcrest-core-1.3.jar:/Users/verbitskayam/.m2/repository/io/rest-assured/rest-assured/5.3.0/rest-assured-5.3.0.jar:/Users/verbitskayam/.m2/repository/org/apache/groovy/groovy/4.0.6/groovy-4.0.6.jar:/Users/verbitskayam/.m2/repository/org/apache/groovy/groovy-xml/4.0.6/groovy-xml-4.0.6.jar:/Users/verbitskayam/.m2/repository/org/apache/httpcomponents/httpclient/4.5.13/httpclient-4.5.13.jar:/Users/verbitskayam/.m2/repository/org/apache/httpcomponents/httpcore/4.4.13/httpcore-4.4.13.jar:/Users/verbitskayam/.m2/repository/commons-logging/commons-logging/1.2/commons-logging-1.2.jar:/Users/verbitskayam/.m2/repository/commons-codec/commons-codec/1.11/commons-codec-1.11.jar:/Users/verbitskayam/.m2/repository/org/apache/httpcomponents/httpmime/4.5.13/httpmime-4.5.13.jar:/Users/verbitskayam/.m2/repository/org/hamcrest/hamcrest/2.1/hamcrest-2.1.jar:/Users/verbitskayam/.m2/repository/org/ccil/cowan/tagsoup/tagsoup/1.2.1/tagsoup-1.2.1.jar:/Users/verbitskayam/.m2/repository/io/rest-assured/json-path/5.3.0/json-path-5.3.0.jar:/Users/verbitskayam/.m2/repository/org/apache/groovy/groovy-json/4.0.6/groovy-json-4.0.6.jar:/Users/verbitskayam/.m2/repository/io/rest-assured/rest-assured-common/5.3.0/rest-assured-common-5.3.0.jar:/Users/verbitskayam/.m2/repository/io/rest-assured/xml-path/5.3.0/xml-path-5.3.0.jar:/Users/verbitskayam/.m2/repository/org/apache/commons/commons-lang3/3.11/commons-lang3-3.11.jar:/Users/verbitskayam/.m2/repository/io/qameta/allure/allure-junit4/2.21.0/allure-junit4-2.21.0.jar:/Users/verbitskayam/.m2/repository/io/qameta/allure/allure-java-commons/2.21.0/allure-java-commons-2.21.0.jar:/Users/verbitskayam/.m2/repository/org/slf4j/slf4j-api/1.7.36/slf4j-api-1.7.36.jar:/Users/verbitskayam/.m2/repository/io/qameta/allure/allure-model/2.21.0/allure-model-2.21.0.jar:/Users/verbitskayam/.m2/repository/io/qameta/allure/allure-rest-assured/2.21.0/allure-rest-assured-2.21.0.jar:/Users/verbitskayam/.m2/repository/io/qameta/allure/allure-attachments/2.21.0/allure-attachments-2.21.0.jar:/Users/verbitskayam/.m2/repository/org/freemarker/freemarker/2.3.31/freemarker-2.3.31.jar:/Users/verbitskayam/.m2/repository/com/google/code/gson/gson/2.10.1/gson-2.10.1.jar:/Users/verbitskayam/.m2/repository/org/projectlombok/lombok/1.18.30/lombok-1.18.30.jar:"/>
    <property name="allure.results.directory" value="/Users/verbitskayam/IdeaProjects/diplom/QA-java-diplom-2/target/allure-results"/>
    <property name="sun.cpu.endian" value="little"/>
    <property name="user.home" value="/Users/verbitskayam"/>
    <property name="user.language" value="ru"/>
    <property name="java.specification.vendor" value="Oracle Corporation"/>
    <property name="java.version.date" value="2024-07-16"/>
    <property name="java.home" value="/opt/homebrew/Cellar/openjdk/22.0.2/libexec/openjdk.jdk/Contents/Home"/>
    <property name="file.separator" value="/"/>
    <property name="basedir" value="/Users/verbitskayam/IdeaProjects/diplom/QA-java-diplom-2"/>
    <property name="java.vm.compressedOopsMode" value="Zero based"/>
    <property name="line.separator" value="&#10;"/>
    <property name="java.vm.specification.vendor" value="Oracle Corporation"/>
    <property name="java.specification.name" value="Java Platform API Specification"/>
    <property name="apple.awt.application.name" value="ForkedBooter"/>
    <property name="surefire.real.class.path" value="/Users/verbitskayam/IdeaProjects/diplom/QA-java-diplom-2/target/surefire/surefirebooter15341296525135426063.jar"/>
    <property name="sun.management.compiler" value="HotSpot 64-Bit Tiered Compilers"/>
    <property name="java.runtime.version" value="22.0.2"/>
    <property name="user.name" value="verbitskayam"/>
    <property name="stdout.encoding" value="UTF-8"/>
    <property name="path.separator" value=":"/>
    <property name="os.version" value="12.6.2"/>
    <property name="java.runtime.name" value="OpenJDK Runtime Environment"/>
    <property name="file.encoding" value="UTF-8"/>
    <property name="java.vm.name" value="OpenJDK 64-Bit Server VM"/>
    <property name="java.vendor.version" value="Homebrew"/>
    <property name="localRepository" value="/Users/verbitskayam/.m2/repository"/>
    <property name="java.vendor.url.bug" value="https://github.com/Homebrew/homebrew-core/issues"/>
    <property name="java.io.tmpdir" value="/var/folders/sr/m45y45dd69q8h_79697vyr2d72hhqr/T/"/>
    <property name="java.version" value="22.0.2"/>
    <property name="user.dir" value="/Users/verbitskayam/IdeaProjects/diplom/QA-java-diplom-2"/>
    <property name="os.arch" value="aarch64"/>
    <property name="java.vm.specification.name" value="Java Virtual Machine Specification"/>
    <property name="native.encoding" value="UTF-8"/>
    <property name="java.library.path" value="/Users/verbitskayam/Library/Java/Extensions:/Library/Java/Extensions:/Network/Library/Java/Extensions:/System/Library/Java/Extensions:/usr/lib/java:."/>
    <property name="java.vm.info" value="mixed mode, sharing"/>
    <property name="stderr.encoding" value="UTF-8"/>
    <property name="java.vendor" value="Homebrew"/>
    <property name="java.vm.version" value="22.0.2"/>
    <property name="sun.io.unicode.encoding" value="UnicodeBig"/>
    <property name="java.class.version" value="66.0"/>
  </properties>
  <testcase name="loginUserIncorrectPassword" classname="tests.LoginUserTests" time="2.376"/>
  <testcase name="loginUserMissedEmail" classname="tests.LoginUserTests" time="1.522"/>
  <testcase name="loginUserIncorrectEmail" classname="tests.LoginUserTests" time="6.328"/>
  <testcase name="loginUserMissedPassword" classname="tests.LoginUserTests" time="3.409"/>
  <testcase name="loginUserWithExistData" classname="tests.LoginUserTests" time="1.885"/>
</testsuite>